C:\Program Files (x86)\Microsoft Visual Studio\2019\Community\MSBuild\Microsoft\VC\v160\Microsoft.CppBuild.targets(498,5): warning MSB8004: Intermediate Directory does not end with a trailing slash.  This build instance will add the slash as it is required to allow proper evaluation of the Intermediate Directory.
C:\Program Files (x86)\Microsoft Visual Studio\2019\Community\MSBuild\Microsoft\VC\v160\Microsoft.CppBuild.targets(499,5): warning MSB8004: Output Directory does not end with a trailing slash.  This build instance will add the slash as it is required to allow proper evaluation of the Output Directory.
  raudio.c
C:\Users\poohp\Downloads\REngine\External\raylib\src\external\jar_xm.h(242,1): warning C4005: 'DEBUG': macro redefinition
C:\Users\poohp\Downloads\REngine\External\raylib\src\raudio.c : message : see previous definition of 'DEBUG'
  rcore.c
  rglfw.c
  rmodels.c
C:\Users\poohp\Downloads\REngine\External\raylib\src\external\par_shapes.h(225,56): warning C4305: 'initializing': truncation from 'double' to 'float'
C:\Users\poohp\Downloads\REngine\External\raylib\src\external\par_shapes.h(226,60): warning C4305: 'initializing': truncation from 'double' to 'float'
C:\Users\poohp\Downloads\REngine\External\raylib\src\external\par_shapes.h(294,1): warning C4244: 'initializing': conversion from 'double' to 'float', possible loss of data
C:\Users\poohp\Downloads\REngine\External\raylib\src\external\par_shapes.h(574,1): warning C4244: 'initializing': conversion from 'double' to 'float', possible loss of data
C:\Users\poohp\Downloads\REngine\External\raylib\src\external\par_shapes.h(575,1): warning C4244: 'initializing': conversion from 'double' to 'float', possible loss of data
C:\Users\poohp\Downloads\REngine\External\raylib\src\external\par_shapes.h(583,1): warning C4244: 'initializing': conversion from 'double' to 'float', possible loss of data
C:\Users\poohp\Downloads\REngine\External\raylib\src\external\par_shapes.h(584,1): warning C4244: 'initializing': conversion from 'double' to 'float', possible loss of data
C:\Users\poohp\Downloads\REngine\External\raylib\src\external\par_shapes.h(608,28): warning C4244: 'function': conversion from 'double' to 'float', possible loss of data
C:\Users\poohp\Downloads\REngine\External\raylib\src\external\par_shapes.h(599,1): warning C4244: 'initializing': conversion from 'double' to 'float', possible loss of data
C:\Users\poohp\Downloads\REngine\External\raylib\src\external\par_shapes.h(600,1): warning C4244: 'initializing': conversion from 'double' to 'float', possible loss of data
C:\Users\poohp\Downloads\REngine\External\raylib\src\external\par_shapes.h(616,1): warning C4244: 'initializing': conversion from 'double' to 'float', possible loss of data
C:\Users\poohp\Downloads\REngine\External\raylib\src\external\par_shapes.h(625,1): warning C4244: 'initializing': conversion from 'double' to 'float', possible loss of data
C:\Users\poohp\Downloads\REngine\External\raylib\src\external\par_shapes.h(635,1): warning C4244: 'initializing': conversion from 'double' to 'float', possible loss of data
C:\Users\poohp\Downloads\REngine\External\raylib\src\external\par_shapes.h(636,1): warning C4244: 'initializing': conversion from 'double' to 'float', possible loss of data
C:\Users\poohp\Downloads\REngine\External\raylib\src\external\par_shapes.h(658,78): warning C4244: '=': conversion from 'double' to 'float', possible loss of data
C:\Users\poohp\Downloads\REngine\External\raylib\src\external\par_shapes.h(660,78): warning C4244: '=': conversion from 'double' to 'float', possible loss of data
C:\Users\poohp\Downloads\REngine\External\raylib\src\external\par_shapes.h(661,36): warning C4244: '=': conversion from 'double' to 'float', possible loss of data
C:\Users\poohp\Downloads\REngine\External\raylib\src\external\par_shapes.h(667,56): warning C4244: '=': conversion from 'double' to 'float', possible loss of data
C:\Users\poohp\Downloads\REngine\External\raylib\src\external\par_shapes.h(668,56): warning C4244: '=': conversion from 'double' to 'float', possible loss of data
C:\Users\poohp\Downloads\REngine\External\raylib\src\external\par_shapes.h(669,36): warning C4244: '=': conversion from 'double' to 'float', possible loss of data
C:\Users\poohp\Downloads\REngine\External\raylib\src\external\par_shapes.h(650,1): warning C4244: 'initializing': conversion from 'double' to 'const float', possible loss of data
C:\Users\poohp\Downloads\REngine\External\raylib\src\external\par_shapes.h(651,1): warning C4244: 'initializing': conversion from 'double' to 'const float', possible loss of data
C:\Users\poohp\Downloads\REngine\External\raylib\src\external\par_shapes.h(652,1): warning C4244: 'initializing': conversion from 'double' to 'const float', possible loss of data
C:\Users\poohp\Downloads\REngine\External\raylib\src\external\par_shapes.h(653,1): warning C4244: 'initializing': conversion from 'double' to 'const float', possible loss of data
C:\Users\poohp\Downloads\REngine\External\raylib\src\external\par_shapes.h(654,1): warning C4244: 'initializing': conversion from 'double' to 'const float', possible loss of data
C:\Users\poohp\Downloads\REngine\External\raylib\src\external\par_shapes.h(655,1): warning C4244: 'initializing': conversion from 'double' to 'const float', possible loss of data
C:\Users\poohp\Downloads\REngine\External\raylib\src\external\par_shapes.h(727,40): warning C4244: '=': conversion from 'double' to 'float', possible loss of data
C:\Users\poohp\Downloads\REngine\External\raylib\src\external\par_shapes.h(728,40): warning C4244: '=': conversion from 'double' to 'float', possible loss of data
C:\Users\poohp\Downloads\REngine\External\raylib\src\external\par_shapes.h(752,45): warning C4244: 'function': conversion from 'double' to 'float', possible loss of data
C:\Users\poohp\Downloads\REngine\External\raylib\src\external\par_shapes.h(726,1): warning C4244: 'initializing': conversion from 'double' to 'float', possible loss of data
C:\Users\poohp\Downloads\REngine\External\raylib\src\external\par_shapes.h(835,45): warning C4244: '=': conversion from 'int' to 'float', possible loss of data
C:\Users\poohp\Downloads\REngine\External\raylib\src\external\par_shapes.h(836,45): warning C4244: '=': conversion from 'int' to 'float', possible loss of data
C:\Users\poohp\Downloads\REngine\External\raylib\src\external\par_shapes.h(837,45): warning C4244: '=': conversion from 'int' to 'float', possible loss of data
C:\Users\poohp\Downloads\REngine\External\raylib\src\external\par_shapes.h(883,1): warning C4305: 'initializing': truncation from 'double' to 'float'
C:\Users\poohp\Downloads\REngine\External\raylib\src\external\par_shapes.h(931,1): warning C4305: 'initializing': truncation from 'double' to 'float'
C:\Users\poohp\Downloads\REngine\External\raylib\src\external\par_shapes.h(1031,1): warning C4305: 'initializing': truncation from 'double' to 'float'
C:\Users\poohp\Downloads\REngine\External\raylib\src\external\par_shapes.h(1362,35): warning C4244: '=': conversion from 'double' to 'float', possible loss of data
C:\Users\poohp\Downloads\REngine\External\raylib\src\external\par_shapes.h(1364,65): warning C4244: 'function': conversion from 'double' to 'float', possible loss of data
C:\Users\poohp\Downloads\REngine\External\raylib\src\external\par_shapes.h(1366,65): warning C4244: 'function': conversion from 'double' to 'float', possible loss of data
C:\Users\poohp\Downloads\REngine\External\raylib\src\external\par_shapes.h(1368,65): warning C4244: 'function': conversion from 'double' to 'float', possible loss of data
C:\Users\poohp\Downloads\REngine\External\raylib\src\external\par_shapes.h(1525,38): warning C4305: 'function': truncation from 'double' to 'float'
C:\Users\poohp\Downloads\REngine\External\raylib\src\external\par_shapes.h(1542,27): warning C4244: '*=': conversion from 'double' to 'float', possible loss of data
C:\Users\poohp\Downloads\REngine\External\raylib\src\external\par_shapes.h(1543,23): warning C4244: '*=': conversion from 'double' to 'float', possible loss of data
C:\Users\poohp\Downloads\REngine\External\raylib\src\external\par_shapes.h(1544,27): warning C4244: '*=': conversion from 'double' to 'float', possible loss of data
C:\Users\poohp\Downloads\REngine\External\raylib\src\external\par_shapes.h(1546,42): warning C4244: '=': conversion from 'double' to 'float', possible loss of data
C:\Users\poohp\Downloads\REngine\External\raylib\src\external\par_shapes.h(1830,43): warning C4244: 'function': conversion from 'double' to 'float', possible loss of data
C:\Users\poohp\Downloads\REngine\External\raylib\src\external\par_shapes.h(1830,59): warning C4244: 'function': conversion from 'double' to 'float', possible loss of data
C:\Users\poohp\Downloads\REngine\External\raylib\src\external\par_shapes.h(1830,75): warning C4244: 'function': conversion from 'double' to 'float', possible loss of data
C:\Users\poohp\Downloads\REngine\External\raylib\src\external\par_shapes.h(1799,1): warning C4244: 'initializing': conversion from 'int' to 'float', possible loss of data
C:\Users\poohp\Downloads\REngine\External\raylib\src\rmodels.c(838,1): warning C4244: 'initializing': conversion from 'double' to 'float', possible loss of data
C:\Users\poohp\Downloads\REngine\External\raylib\src\rmodels.c(981,1): warning C4244: 'initializing': conversion from 'double' to 'float', possible loss of data
C:\Users\poohp\Downloads\REngine\External\raylib\src\rmodels.c(5415,35): warning C4018: '<': signed/unsigned mismatch
C:\Users\poohp\Downloads\REngine\External\raylib\src\rmodels.c(5432,39): warning C4018: '<': signed/unsigned mismatch
C:\Users\poohp\Downloads\REngine\External\raylib\src\rmodels.c(5481,99): warning C4244: '=': conversion from 'double' to 'float', possible loss of data
C:\Users\poohp\Downloads\REngine\External\raylib\src\rmodels.c(5483,99): warning C4244: '=': conversion from 'double' to 'float', possible loss of data
C:\Users\poohp\Downloads\REngine\External\raylib\src\rmodels.c(5485,99): warning C4244: '=': conversion from 'double' to 'float', possible loss of data
C:\Users\poohp\Downloads\REngine\External\raylib\src\rmodels.c(5509,55): warning C4018: '<': signed/unsigned mismatch
C:\Users\poohp\Downloads\REngine\External\raylib\src\rmodels.c(5529,23): warning C4018: '<': signed/unsigned mismatch
C:\Users\poohp\Downloads\REngine\External\raylib\src\rmodels.c(5606,27): warning C4018: '<': signed/unsigned mismatch
C:\Users\poohp\Downloads\REngine\External\raylib\src\rmodels.c(5707,27): warning C4018: '<': signed/unsigned mismatch
C:\Users\poohp\Downloads\REngine\External\raylib\src\rmodels.c(5726,35): warning C4018: '<': signed/unsigned mismatch
  rshapes.c
C:\Users\poohp\Downloads\REngine\External\raylib\src\rshapes.c(107,36): warning C4244: 'initializing': conversion from 'int' to 'float', possible loss of data
C:\Users\poohp\Downloads\REngine\External\raylib\src\rshapes.c(158,29): warning C4244: 'function': conversion from 'int' to 'float', possible loss of data
C:\Users\poohp\Downloads\REngine\External\raylib\src\rshapes.c(158,40): warning C4244: 'function': conversion from 'int' to 'float', possible loss of data
C:\Users\poohp\Downloads\REngine\External\raylib\src\rshapes.c(159,27): warning C4244: 'function': conversion from 'int' to 'float', possible loss of data
C:\Users\poohp\Downloads\REngine\External\raylib\src\rshapes.c(159,36): warning C4244: 'function': conversion from 'int' to 'float', possible loss of data
  rtext.c
  rtextures.c
C:\Users\poohp\Downloads\REngine\External\raylib\src\external\qoi.h(662,38): warning C4267: '=': conversion from 'size_t' to 'int', possible loss of data
  utils.c
  Generating Code...
  raylib.vcxproj -> C:\Users\poohp\Downloads\REngine\bin\Debug\raylib.lib
